bin\ChinoDollyExample_debug.ilk
C:\OF_V0.7.4_VS2010_RELEASE\APPS\MYAPPS\CHINODOLLYEXAMPLE\BIN\CHINODOLLYEXAMPLE_DEBUG.EXE
c:\of_v0.7.4_vs2010_release\apps\myApps\ChinoDollyExample\bin\ChinoDollyExample_debug.exp
C:\OF_V0.7.4_VS2010_RELEASE\APPS\MYAPPS\CHINODOLLYEXAMPLE\BIN\CHINODOLLYEXAMPLE_DEBUG.ILK
c:\of_v0.7.4_vs2010_release\apps\myApps\ChinoDollyExample\bin\ChinoDollyExample_debug.lib
C:\OF_V0.7.4_VS2010_RELEASE\APPS\MYAPPS\CHINODOLLYEXAMPLE\BIN\CHINODOLLYEXAMPLE_DEBUG_DEBUGINFO.PDB
c:\of_v0.7.4_vs2010_release\apps\myApps\ChinoDollyExample\obj\Debug\ChinoDollyExample.write.1.tlog
C:\OF_V0.7.4_VS2010_RELEASE\APPS\MYAPPS\CHINODOLLYEXAMPLE\OBJ\DEBUG\CHINODOLLYEXAMPLE_DEBUG.EXE.EMBED.MANIFEST
C:\OF_V0.7.4_VS2010_RELEASE\APPS\MYAPPS\CHINODOLLYEXAMPLE\OBJ\DEBUG\CHINODOLLYEXAMPLE_DEBUG.EXE.EMBED.MANIFEST.RES
C:\OF_V0.7.4_VS2010_RELEASE\APPS\MYAPPS\CHINODOLLYEXAMPLE\OBJ\DEBUG\CHINODOLLYEXAMPLE_DEBUG.EXE.INTERMEDIATE.MANIFEST
c:\of_v0.7.4_vs2010_release\apps\myApps\ChinoDollyExample\obj\Debug\ChinoDollyExample_debug_manifest.rc
c:\of_v0.7.4_vs2010_release\apps\myApps\ChinoDollyExample\obj\Debug\cl.command.1.tlog
c:\of_v0.7.4_vs2010_release\apps\myApps\ChinoDollyExample\obj\Debug\CL.read.1.tlog
c:\of_v0.7.4_vs2010_release\apps\myApps\ChinoDollyExample\obj\Debug\CL.write.1.tlog
c:\of_v0.7.4_vs2010_release\apps\myApps\ChinoDollyExample\obj\Debug\link.4552.read.1.tlog
c:\of_v0.7.4_vs2010_release\apps\myApps\ChinoDollyExample\obj\Debug\link.4552.write.1.tlog
c:\of_v0.7.4_vs2010_release\apps\myApps\ChinoDollyExample\obj\Debug\link.4552-cvtres.read.1.tlog
c:\of_v0.7.4_vs2010_release\apps\myApps\ChinoDollyExample\obj\Debug\link.4552-cvtres.write.1.tlog
c:\of_v0.7.4_vs2010_release\apps\myApps\ChinoDollyExample\obj\Debug\link.5064.read.1.tlog
c:\of_v0.7.4_vs2010_release\apps\myApps\ChinoDollyExample\obj\Debug\link.5064.write.1.tlog
c:\of_v0.7.4_vs2010_release\apps\myApps\ChinoDollyExample\obj\Debug\link.5064-cvtres.read.1.tlog
c:\of_v0.7.4_vs2010_release\apps\myApps\ChinoDollyExample\obj\Debug\link.5064-cvtres.write.1.tlog
c:\of_v0.7.4_vs2010_release\apps\myApps\ChinoDollyExample\obj\Debug\link.5484.read.1.tlog
c:\of_v0.7.4_vs2010_release\apps\myApps\ChinoDollyExample\obj\Debug\link.5484.write.1.tlog
c:\of_v0.7.4_vs2010_release\apps\myApps\ChinoDollyExample\obj\Debug\link.5484-cvtres.read.1.tlog
c:\of_v0.7.4_vs2010_release\apps\myApps\ChinoDollyExample\obj\Debug\link.5484-cvtres.write.1.tlog
c:\of_v0.7.4_vs2010_release\apps\myApps\ChinoDollyExample\obj\Debug\link.6944.read.1.tlog
c:\of_v0.7.4_vs2010_release\apps\myApps\ChinoDollyExample\obj\Debug\link.6944.write.1.tlog
c:\of_v0.7.4_vs2010_release\apps\myApps\ChinoDollyExample\obj\Debug\link.6944-cvtres.read.1.tlog
c:\of_v0.7.4_vs2010_release\apps\myApps\ChinoDollyExample\obj\Debug\link.6944-cvtres.write.1.tlog
c:\of_v0.7.4_vs2010_release\apps\myApps\ChinoDollyExample\obj\Debug\link.7580.read.1.tlog
c:\of_v0.7.4_vs2010_release\apps\myApps\ChinoDollyExample\obj\Debug\link.7580.write.1.tlog
c:\of_v0.7.4_vs2010_release\apps\myApps\ChinoDollyExample\obj\Debug\link.7580-cvtres.read.1.tlog
c:\of_v0.7.4_vs2010_release\apps\myApps\ChinoDollyExample\obj\Debug\link.7580-cvtres.write.1.tlog
c:\of_v0.7.4_vs2010_release\apps\myApps\ChinoDollyExample\obj\Debug\link.8000.read.1.tlog
c:\of_v0.7.4_vs2010_release\apps\myApps\ChinoDollyExample\obj\Debug\link.8000.write.1.tlog
c:\of_v0.7.4_vs2010_release\apps\myApps\ChinoDollyExample\obj\Debug\link.command.1.tlog
c:\of_v0.7.4_vs2010_release\apps\myApps\ChinoDollyExample\obj\Debug\link.read.1.tlog
c:\of_v0.7.4_vs2010_release\apps\myApps\ChinoDollyExample\obj\Debug\link.write.1.tlog
c:\of_v0.7.4_vs2010_release\apps\myApps\ChinoDollyExample\obj\Debug\link-cvtres.read.1.tlog
c:\of_v0.7.4_vs2010_release\apps\myApps\ChinoDollyExample\obj\Debug\link-cvtres.write.1.tlog
C:\OF_V0.7.4_VS2010_RELEASE\APPS\MYAPPS\CHINODOLLYEXAMPLE\OBJ\DEBUG\MAIN.OBJ
c:\of_v0.7.4_vs2010_release\apps\myApps\ChinoDollyExample\obj\Debug\mt.command.1.tlog
c:\of_v0.7.4_vs2010_release\apps\myApps\ChinoDollyExample\obj\Debug\mt.read.1.tlog
c:\of_v0.7.4_vs2010_release\apps\myApps\ChinoDollyExample\obj\Debug\mt.write.1.tlog
C:\OF_V0.7.4_VS2010_RELEASE\APPS\MYAPPS\CHINODOLLYEXAMPLE\OBJ\DEBUG\OFXCHINODOLLY.OBJ
C:\OF_V0.7.4_VS2010_RELEASE\APPS\MYAPPS\CHINODOLLYEXAMPLE\OBJ\DEBUG\OFXXMLSETTINGS.OBJ
c:\of_v0.7.4_vs2010_release\apps\myApps\ChinoDollyExample\obj\Debug\rc.command.1.tlog
c:\of_v0.7.4_vs2010_release\apps\myApps\ChinoDollyExample\obj\Debug\rc.read.1.tlog
c:\of_v0.7.4_vs2010_release\apps\myApps\ChinoDollyExample\obj\Debug\rc.write.1.tlog
C:\OF_V0.7.4_VS2010_RELEASE\APPS\MYAPPS\CHINODOLLYEXAMPLE\OBJ\DEBUG\TESTAPP.OBJ
C:\OF_V0.7.4_VS2010_RELEASE\APPS\MYAPPS\CHINODOLLYEXAMPLE\OBJ\DEBUG\TINYXML.OBJ
C:\OF_V0.7.4_VS2010_RELEASE\APPS\MYAPPS\CHINODOLLYEXAMPLE\OBJ\DEBUG\TINYXMLERROR.OBJ
C:\OF_V0.7.4_VS2010_RELEASE\APPS\MYAPPS\CHINODOLLYEXAMPLE\OBJ\DEBUG\TINYXMLPARSER.OBJ
c:\of_v0.7.4_vs2010_release\apps\myApps\ChinoDollyExample\obj\Debug\vc100.idb
C:\OF_V0.7.4_VS2010_RELEASE\APPS\MYAPPS\CHINODOLLYEXAMPLE\OBJ\DEBUG\VC100.PDB
